ago. 08, 2025 12:59:38 AM org.eclipse.lsp4j.jsonrpc.services.GenericEndpoint notify
INFO: Unsupported notification method: $/setTrace
2025.08.08 01:00:01 WARN  no build target for: /mnt/e35d88d4-42b9-49ea-bf29-c4c3b018d429/diego/git/diegopacheco/rust-playground/rust-parsers/testdata/build.sbt[0m
2025.08.08 01:00:01 INFO  no build target found for /mnt/e35d88d4-42b9-49ea-bf29-c4c3b018d429/diego/git/diegopacheco/rust-playground/rust-parsers/testdata/build.sbt. Using presentation compiler with project's scala-library version: 3.3.6[0m
2025.08.08 01:00:07 INFO  no build target found for /mnt/e35d88d4-42b9-49ea-bf29-c4c3b018d429/diego/git/diegopacheco/rust-playground/rust-parsers/testdata/build.sbt. Using presentation compiler with project's scala-library version: 3.3.6[0m
2025.08.08 01:00:07 INFO  no build target found for /mnt/e35d88d4-42b9-49ea-bf29-c4c3b018d429/diego/git/diegopacheco/rust-playground/rust-parsers/testdata/build.sbt. Using presentation compiler with project's scala-library version: 3.3.6[0m
2025.08.08 01:00:11 WARN  Could not find semantic tokens for: file:///mnt/e35d88d4-42b9-49ea-bf29-c4c3b018d429/diego/git/diegopacheco/rust-playground/rust-parsers/testdata/build.sbt[0m
2025.08.08 01:03:07 WARN  no build target for: /mnt/e35d88d4-42b9-49ea-bf29-c4c3b018d429/diego/git/diegopacheco/rust-playground/rust-parsers/testdata/build.sbt[0m
2025.08.08 01:03:07 INFO  no build target found for /mnt/e35d88d4-42b9-49ea-bf29-c4c3b018d429/diego/git/diegopacheco/rust-playground/rust-parsers/testdata/build.sbt. Using presentation compiler with project's scala-library version: 3.3.6[0m
2025.08.08 01:03:07 INFO  no build target found for /mnt/e35d88d4-42b9-49ea-bf29-c4c3b018d429/diego/git/diegopacheco/rust-playground/rust-parsers/testdata/build.sbt. Using presentation compiler with project's scala-library version: 3.3.6[0m
2025.08.08 01:03:07 INFO  no build target found for /mnt/e35d88d4-42b9-49ea-bf29-c4c3b018d429/diego/git/diegopacheco/rust-playground/rust-parsers/testdata/build.sbt. Using presentation compiler with project's scala-library version: 3.3.6[0m
2025.08.08 01:03:07 WARN  Could not find semantic tokens for: file:///mnt/e35d88d4-42b9-49ea-bf29-c4c3b018d429/diego/git/diegopacheco/rust-playground/rust-parsers/testdata/build.sbt[0m
2025.08.08 01:04:51 WARN  no build target for: /mnt/e35d88d4-42b9-49ea-bf29-c4c3b018d429/diego/git/diegopacheco/rust-playground/rust-parsers/testdata/build.sbt[0m
2025.08.08 01:04:51 INFO  no build target found for /mnt/e35d88d4-42b9-49ea-bf29-c4c3b018d429/diego/git/diegopacheco/rust-playground/rust-parsers/testdata/build.sbt. Using presentation compiler with project's scala-library version: 3.3.6[0m
2025.08.08 01:04:51 INFO  no build target found for /mnt/e35d88d4-42b9-49ea-bf29-c4c3b018d429/diego/git/diegopacheco/rust-playground/rust-parsers/testdata/build.sbt. Using presentation compiler with project's scala-library version: 3.3.6[0m
2025.08.08 01:04:51 WARN  Could not find semantic tokens for: file:///mnt/e35d88d4-42b9-49ea-bf29-c4c3b018d429/diego/git/diegopacheco/rust-playground/rust-parsers/testdata/build.sbt[0m
2025.08.08 01:10:39 WARN  no build target for: /mnt/e35d88d4-42b9-49ea-bf29-c4c3b018d429/diego/git/diegopacheco/rust-playground/rust-parsers/testdata/build.sbt[0m
2025.08.08 01:10:39 INFO  no build target found for /mnt/e35d88d4-42b9-49ea-bf29-c4c3b018d429/diego/git/diegopacheco/rust-playground/rust-parsers/testdata/build.sbt. Using presentation compiler with project's scala-library version: 3.3.6[0m
2025.08.08 01:10:41 WARN  no build target for: /mnt/e35d88d4-42b9-49ea-bf29-c4c3b018d429/diego/git/diegopacheco/rust-playground/rust-parsers/testdata/build.sbt[0m
2025.08.08 01:10:41 INFO  no build target found for /mnt/e35d88d4-42b9-49ea-bf29-c4c3b018d429/diego/git/diegopacheco/rust-playground/rust-parsers/testdata/build.sbt. Using presentation compiler with project's scala-library version: 3.3.6[0m
2025.08.08 01:10:41 INFO  no build target found for /mnt/e35d88d4-42b9-49ea-bf29-c4c3b018d429/diego/git/diegopacheco/rust-playground/rust-parsers/testdata/build.sbt. Using presentation compiler with project's scala-library version: 3.3.6[0m
2025.08.08 01:10:41 INFO  no build target found for /mnt/e35d88d4-42b9-49ea-bf29-c4c3b018d429/diego/git/diegopacheco/rust-playground/rust-parsers/testdata/build.sbt. Using presentation compiler with project's scala-library version: 3.3.6[0m
2025.08.08 01:10:41 WARN  Could not find semantic tokens for: file:///mnt/e35d88d4-42b9-49ea-bf29-c4c3b018d429/diego/git/diegopacheco/rust-playground/rust-parsers/testdata/build.sbt[0m
2025.08.08 01:10:45 WARN  no build target for: /mnt/e35d88d4-42b9-49ea-bf29-c4c3b018d429/diego/git/diegopacheco/rust-playground/rust-parsers/testdata/build.sbt[0m
2025.08.08 01:10:45 INFO  no build target found for /mnt/e35d88d4-42b9-49ea-bf29-c4c3b018d429/diego/git/diegopacheco/rust-playground/rust-parsers/testdata/build.sbt. Using presentation compiler with project's scala-library version: 3.3.6[0m
2025.08.08 01:10:45 INFO  no build target found for /mnt/e35d88d4-42b9-49ea-bf29-c4c3b018d429/diego/git/diegopacheco/rust-playground/rust-parsers/testdata/build.sbt. Using presentation compiler with project's scala-library version: 3.3.6[0m
2025.08.08 01:10:45 INFO  no build target found for /mnt/e35d88d4-42b9-49ea-bf29-c4c3b018d429/diego/git/diegopacheco/rust-playground/rust-parsers/testdata/build.sbt. Using presentation compiler with project's scala-library version: 3.3.6[0m
2025.08.08 01:10:45 WARN  Could not find semantic tokens for: file:///mnt/e35d88d4-42b9-49ea-bf29-c4c3b018d429/diego/git/diegopacheco/rust-playground/rust-parsers/testdata/build.sbt[0m
2025.08.08 01:10:47 WARN  no build target for: /mnt/e35d88d4-42b9-49ea-bf29-c4c3b018d429/diego/git/diegopacheco/rust-playground/rust-parsers/testdata/build.sbt[0m
2025.08.08 01:10:47 INFO  no build target found for /mnt/e35d88d4-42b9-49ea-bf29-c4c3b018d429/diego/git/diegopacheco/rust-playground/rust-parsers/testdata/build.sbt. Using presentation compiler with project's scala-library version: 3.3.6[0m
2025.08.08 01:10:47 INFO  no build target found for /mnt/e35d88d4-42b9-49ea-bf29-c4c3b018d429/diego/git/diegopacheco/rust-playground/rust-parsers/testdata/build.sbt. Using presentation compiler with project's scala-library version: 3.3.6[0m
2025.08.08 01:10:47 INFO  no build target found for /mnt/e35d88d4-42b9-49ea-bf29-c4c3b018d429/diego/git/diegopacheco/rust-playground/rust-parsers/testdata/build.sbt. Using presentation compiler with project's scala-library version: 3.3.6[0m
2025.08.08 01:10:47 WARN  Could not find semantic tokens for: file:///mnt/e35d88d4-42b9-49ea-bf29-c4c3b018d429/diego/git/diegopacheco/rust-playground/rust-parsers/testdata/build.sbt[0m
2025.08.08 01:10:49 WARN  no build target for: /mnt/e35d88d4-42b9-49ea-bf29-c4c3b018d429/diego/git/diegopacheco/rust-playground/rust-parsers/testdata/build.sbt[0m
2025.08.08 01:10:49 INFO  no build target found for /mnt/e35d88d4-42b9-49ea-bf29-c4c3b018d429/diego/git/diegopacheco/rust-playground/rust-parsers/testdata/build.sbt. Using presentation compiler with project's scala-library version: 3.3.6[0m
2025.08.08 01:10:49 INFO  no build target found for /mnt/e35d88d4-42b9-49ea-bf29-c4c3b018d429/diego/git/diegopacheco/rust-playground/rust-parsers/testdata/build.sbt. Using presentation compiler with project's scala-library version: 3.3.6[0m
2025.08.08 01:10:49 INFO  no build target found for /mnt/e35d88d4-42b9-49ea-bf29-c4c3b018d429/diego/git/diegopacheco/rust-playground/rust-parsers/testdata/build.sbt. Using presentation compiler with project's scala-library version: 3.3.6[0m
2025.08.08 01:10:49 WARN  Could not find semantic tokens for: file:///mnt/e35d88d4-42b9-49ea-bf29-c4c3b018d429/diego/git/diegopacheco/rust-playground/rust-parsers/testdata/build.sbt[0m
2025.08.08 01:10:49 INFO  no build target found for /mnt/e35d88d4-42b9-49ea-bf29-c4c3b018d429/diego/git/diegopacheco/rust-playground/rust-parsers/testdata/build.sbt. Using presentation compiler with project's scala-library version: 3.3.6[0m
